<?xml version="1.0" encoding="UTF-8"?>
<testsuite name="com.tests.chess.engine.PawnTests" tests="4" skipped="0" failures="0" errors="0" timestamp="2020-07-17T13:53:21" hostname="DESKTOP-3VQV89L" time="0.051">
  <properties/>
  <testcase name="assertWhitePlayerEnPassantIsDone" classname="com.tests.chess.engine.PawnTests" time="0.005"/>
  <testcase name="assertBlackPlayerEnPassantIsDone" classname="com.tests.chess.engine.PawnTests" time="0.002"/>
  <testcase name="assertBlackPlayerEnPassantOnStandardBoardIsDone" classname="com.tests.chess.engine.PawnTests" time="0.003"/>
  <testcase name="assertPawnPromotionIsDone" classname="com.tests.chess.engine.PawnTests" time="0.041"/>
  <system-out><![CDATA[]]></system-out>
  <system-err><![CDATA[]]></system-err>
</testsuite>
