<?xml version="1.0" encoding="UTF-8"?>
<testsuite name="com.tests.chess.engine.PiecesTests" tests="4" skipped="0" failures="0" errors="0" timestamp="2020-07-17T13:53:21" hostname="DESKTOP-3VQV89L" time="0.002">
  <properties/>
  <testcase name="assertWhitePlayerKnightOnEmptyBoardLegalMoves" classname="com.tests.chess.engine.PiecesTests" time="0.0"/>
  <testcase name="assertBlackPlayerKnightOnEmptyBoardLegalMoves" classname="com.tests.chess.engine.PiecesTests" time="0.0"/>
  <testcase name="assertWhitePlayerQueenOnEmptyBoardLegalMoves" classname="com.tests.chess.engine.PiecesTests" time="0.0"/>
  <testcase name="assertKnightsLegalMovesInLeftCorner" classname="com.tests.chess.engine.PiecesTests" time="0.001"/>
  <system-out><![CDATA[]]></system-out>
  <system-err><![CDATA[]]></system-err>
</testsuite>
