<?xml version="1.0" encoding="UTF-8"?>
<testsuite name="com.tests.chess.engine.PlainKingMoveTests" tests="6" skipped="0" failures="0" errors="0" timestamp="2020-07-17T13:53:21" hostname="DESKTOP-3VQV89L" time="0.004">
  <properties/>
  <testcase name="assertMoveTransitionIsEqualToMove" classname="com.tests.chess.engine.PlainKingMoveTests" time="0.001"/>
  <testcase name="assertAfterTransitionIsBlackPlayerTurn" classname="com.tests.chess.engine.PlainKingMoveTests" time="0.0"/>
  <testcase name="assertBothPlayersNotInDanger" classname="com.tests.chess.engine.PlainKingMoveTests" time="0.0"/>
  <testcase name="assertCurrentPlayerIsWhiteAndOpponentIsBlack" classname="com.tests.chess.engine.PlainKingMoveTests" time="0.0"/>
  <testcase name="assertMoveTransitionIsDoneAndKingIsOneTileNumberSixtyOne" classname="com.tests.chess.engine.PlainKingMoveTests" time="0.001"/>
  <testcase name="assertBothPlayersHaveSixLegalMoves" classname="com.tests.chess.engine.PlainKingMoveTests" time="0.0"/>
  <system-out><![CDATA[]]></system-out>
  <system-err><![CDATA[]]></system-err>
</testsuite>
