<?xml version="1.0" encoding="UTF-8"?>
<testsuite name="com.tests.chess.engine.KingTests" tests="1" skipped="0" failures="0" errors="0" timestamp="2020-07-17T13:53:21" hostname="DESKTOP-3VQV89L" time="0.0">
  <properties/>
  <testcase name="assertKingsEquality" classname="com.tests.chess.engine.KingTests" time="0.0"/>
  <system-out><![CDATA[]]></system-out>
  <system-err><![CDATA[]]></system-err>
</testsuite>
